[debug] [2026-03-17T03:53:48.194Z] ----------------------------------------------------------------------
[debug] [2026-03-17T03:53:48.207Z] Command:       /data/data/com.termux/files/usr/bin/node /data/data/com.termux/files/usr/bin/firebase use --add
[debug] [2026-03-17T03:53:48.208Z] CLI Version:   15.9.1
[debug] [2026-03-17T03:53:48.209Z] Platform:      android
[debug] [2026-03-17T03:53:48.209Z] Node Version:  v25.8.0
[debug] [2026-03-17T03:53:48.210Z] Time:          Tue Mar 17 2026 10:53:48 GMT+0700 (Western Indonesia Time)
[debug] [2026-03-17T03:53:48.210Z] ----------------------------------------------------------------------
[debug] 
[debug] [2026-03-17T03:53:48.991Z] > command requires scopes: ["email","openid","https://www.googleapis.com/auth/cloudplatformprojects.readonly","https://www.googleapis.com/auth/firebase","https://www.googleapis.com/auth/cloud-platform"]
[debug] [2026-03-17T03:53:48.993Z] > authorizing via signed-in user (dede.klender@gmail.com)
[debug] [2026-03-17T03:53:48.999Z] Checked if tokens are valid: true, expires at: 1773723131982
[debug] [2026-03-17T03:53:49.000Z] Checked if tokens are valid: true, expires at: 1773723131982
[debug] [2026-03-17T03:53:49.009Z] >>> [apiv2][query] GET https://firebase.googleapis.com/v1beta1/projects pageSize=1000
[debug] [2026-03-17T03:53:50.086Z] <<< [apiv2][status] GET https://firebase.googleapis.com/v1beta1/projects 200
[debug] [2026-03-17T03:53:50.087Z] <<< [apiv2][body] GET https://firebase.googleapis.com/v1beta1/projects [omitted]
[debug] [2026-03-17T03:54:09.544Z] ExitPromptError: User force closed the prompt with SIGINT
    at Interface.sigint (/data/data/com.termux/files/usr/lib/node_modules/firebase-tools/node_modules/@inquirer/core/dist/commonjs/lib/create-prompt.js:101:37)
    at Interface.emit (node:events:508:20)
    at [_ttyWrite] [as _ttyWrite] (node:internal/readline/interface:1327:18)
    at ReadStream.onkeypress (node:internal/readline/interface:284:20)
    at ReadStream.emit (node:events:520:22)
    at emitKeys (node:internal/readline/utils:371:14)
    at emitKeys.next (<anonymous>)
    at ReadStream.onData (node:internal/readline/emitKeypressEvents:64:36)
    at ReadStream.emit (node:events:508:20)
    at addChunk (node:internal/streams/readable:564:12)
[error] 
[error] Error: An unexpected error has occurred.
[debug] [2026-03-17T03:56:23.015Z] ----------------------------------------------------------------------
[debug] [2026-03-17T03:56:23.024Z] Command:       /data/data/com.termux/files/usr/bin/node /data/data/com.termux/files/usr/bin/firebase use --add
[debug] [2026-03-17T03:56:23.025Z] CLI Version:   15.9.1
[debug] [2026-03-17T03:56:23.025Z] Platform:      android
[debug] [2026-03-17T03:56:23.025Z] Node Version:  v25.8.0
[debug] [2026-03-17T03:56:23.026Z] Time:          Tue Mar 17 2026 10:56:23 GMT+0700 (Western Indonesia Time)
[debug] [2026-03-17T03:56:23.026Z] ----------------------------------------------------------------------
[debug] 
[debug] [2026-03-17T03:56:23.722Z] > command requires scopes: ["email","openid","https://www.googleapis.com/auth/cloudplatformprojects.readonly","https://www.googleapis.com/auth/firebase","https://www.googleapis.com/auth/cloud-platform"]
[debug] [2026-03-17T03:56:23.724Z] > authorizing via signed-in user (dede.klender@gmail.com)
[debug] [2026-03-17T03:56:23.729Z] Checked if tokens are valid: true, expires at: 1773723131982
[debug] [2026-03-17T03:56:23.730Z] Checked if tokens are valid: true, expires at: 1773723131982
[debug] [2026-03-17T03:56:23.737Z] >>> [apiv2][query] GET https://firebase.googleapis.com/v1beta1/projects pageSize=1000
[debug] [2026-03-17T03:56:24.586Z] <<< [apiv2][status] GET https://firebase.googleapis.com/v1beta1/projects 200
[debug] [2026-03-17T03:56:24.586Z] <<< [apiv2][body] GET https://firebase.googleapis.com/v1beta1/projects [omitted]
[debug] [2026-03-17T03:56:30.591Z] ExitPromptError: User force closed the prompt with SIGINT
    at Interface.sigint (/data/data/com.termux/files/usr/lib/node_modules/firebase-tools/node_modules/@inquirer/core/dist/commonjs/lib/create-prompt.js:101:37)
    at Interface.emit (node:events:508:20)
    at [_ttyWrite] [as _ttyWrite] (node:internal/readline/interface:1327:18)
    at ReadStream.onkeypress (node:internal/readline/interface:284:20)
    at ReadStream.emit (node:events:520:22)
    at emitKeys (node:internal/readline/utils:371:14)
    at emitKeys.next (<anonymous>)
    at ReadStream.onData (node:internal/readline/emitKeypressEvents:64:36)
    at ReadStream.emit (node:events:508:20)
    at addChunk (node:internal/streams/readable:564:12)
[error] 
[error] Error: An unexpected error has occurred.
